<?xml version="1.0" encoding="UTF-8"?>
<testng-results skipped="0" failed="0" ignored="0" total="1" passed="1">
  <reporter-output>
  </reporter-output>
  <suite name="Surefire suite" duration-ms="93" started-at="2018-10-16T21:49:55Z" finished-at="2018-10-16T21:49:55Z">
    <groups>
    </groups>
    <test name="Surefire test" duration-ms="93" started-at="2018-10-16T21:49:55Z" finished-at="2018-10-16T21:49:55Z">
      <class name="testgetsymbols.testgetsymbols.AppTest">
        <test-method status="PASS" signature="shouldAnswerWithTrue()" name="shouldAnswerWithTrue" duration-ms="11" started-at="2018-10-16T21:49:55Z" finished-at="2018-10-16T21:49:55Z">
          <reporter-output>
          </reporter-output>
        </test-method> <!-- shouldAnswerWithTrue -->
      </class> <!-- testgetsymbols.testgetsymbols.AppTest -->
    </test> <!-- Surefire test -->
  </suite> <!-- Surefire suite -->
</testng-results>
