<?xml version="1.0" encoding="UTF-8"?>
<testng-results skipped="0" failed="0" ignored="0" total="1" passed="1">
  <reporter-output>
  </reporter-output>
  <suite name="Surefire suite" duration-ms="3018" started-at="2018-09-09T14:51:57Z" finished-at="2018-09-09T14:52:00Z">
    <groups>
    </groups>
    <test name="Surefire test" duration-ms="3018" started-at="2018-09-09T14:51:57Z" finished-at="2018-09-09T14:52:00Z">
      <class name="org.sonatype.examples.APITesting.AppTest">
        <test-method status="PASS" signature="shouldAnswerWithTrue()[pri:0, instance:org.sonatype.examples.APITesting.AppTest@17c68925]" name="shouldAnswerWithTrue" duration-ms="2985" started-at="2018-09-09T14:51:57Z" finished-at="2018-09-09T14:52:00Z">
          <reporter-output>
          </reporter-output>
        </test-method> <!-- shouldAnswerWithTrue -->
      </class> <!-- org.sonatype.examples.APITesting.AppTest -->
    </test> <!-- Surefire test -->
  </suite> <!-- Surefire suite -->
</testng-results>
